1679335637655	geckodriver	INFO	Listening on 127.0.0.1:54568
1679335640703	mozrunner::runner	INFO	Running command: "C:\\Program Files\\Mozilla Firefox\\firefox.exe" "--marionette" "--remote-debugging-port" "54569" "--remote-allow-hosts" "localhost" "-no-remote" "-profile" "C:\\Users\\rapha\\AppData\\Local\\Temp\\rust_mozprofile3VEwCj"
console.warn: services.settings: Ignoring preference override of remote settings server
console.warn: services.settings: Allow by setting MOZ_REMOTE_SETTINGS_DEVTOOLS=1 in the environment
1679335641890	Marionette	INFO	Marionette enabled
Dynamically enable window occlusion 0
1679335641905	Marionette	INFO	Listening on port 54580
Read port: 54580
WebDriver BiDi listening on ws://127.0.0.1:54569
1679335642321	RemoteAgent	WARN	TLS certificate errors will be ignored for this session
console.warn: SearchSettings: "get: No settings file exists, new profile?" (new NotFoundError("Could not open the file at C:\\Users\\rapha\\AppData\\Local\\Temp\\rust_mozprofile3VEwCj\\search.json.mozlz4", (void 0)))
DevTools listening on ws://127.0.0.1:54569/devtools/browser/563a2923-708f-4749-9579-a6bddb1fb9dd
JavaScript error: resource://gre/modules/XULStore.jsm, line 58: Error: Can't find profile directory.
JavaScript error: resource://gre/modules/XULStore.jsm, line 58: Error: Can't find profile directory.
1679335650010	Marionette	WARN	TimedPromise timed out after 500 ms: stacktrace:
TimedPromise/<@chrome://remote/content/marionette/sync.sys.mjs:219:24
TimedPromise@chrome://remote/content/marionette/sync.sys.mjs:204:10
interaction.flushEventLoop@chrome://remote/content/marionette/interaction.sys.mjs:425:10
webdriverClickElement@chrome://remote/content/marionette/interaction.sys.mjs:173:31
JavaScript warning: https://pagead2.googlesyndication.com/bg/KyjXC9Dx9uMdK4CVFqApFSHrXMqYgfemPqOIhuZsvtM.js line 2 > eval line 5161 > eval line 1 > eval line 1 > eval, line 1: WEBGL_debug_renderer_info is deprecated in Firefox and will be removed. Please use RENDERER.
1679335730629	Marionette	INFO	Stopped listening on port 54580
Dynamically enable window occlusion 1
